<?xml version="1.0" encoding="UTF-8"?>
<!-- Generated by org.testng.reporters.JUnitReportReporter -->
<testsuite hostname="FluffyEyes.local" name="com.agileapes.couteau.basics.collections.CollectionWrapperTest" tests="6" failures="0" timestamp="19 Feb 2015 23:47:03 GMT" time="0.012" errors="0">
  <testcase name="testSorting" time="0.000" classname="com.agileapes.couteau.basics.collections.CollectionWrapperTest"/>
  <testcase name="testFiltering" time="0.001" classname="com.agileapes.couteau.basics.collections.CollectionWrapperTest"/>
  <testcase name="testMapping" time="0.001" classname="com.agileapes.couteau.basics.collections.CollectionWrapperTest"/>
  <testcase name="testProcessing" time="0.001" classname="com.agileapes.couteau.basics.collections.CollectionWrapperTest"/>
  <testcase name="testReduction" time="0.001" classname="com.agileapes.couteau.basics.collections.CollectionWrapperTest"/>
  <testcase name="testExpansion" time="0.008" classname="com.agileapes.couteau.basics.collections.CollectionWrapperTest"/>
</testsuite> <!-- com.agileapes.couteau.basics.collections.CollectionWrapperTest -->
