<?xml version="1.0" encoding="UTF-8"?>
<!-- Generated by org.testng.reporters.JUnitReportReporter -->
<testsuite hostname="FluffyEyes.local" name="com.agileapes.couteau.strings.document.impl.DefaultDocumentReaderTest" tests="1" failures="0" timestamp="19 Feb 2015 23:47:08 GMT" time="0.011" errors="0">
  <testcase name="testReadingSimpleExpression" time="0.011" classname="com.agileapes.couteau.strings.document.impl.DefaultDocumentReaderTest"/>
</testsuite> <!-- com.agileapes.couteau.strings.document.impl.DefaultDocumentReaderTest -->
