<?xml version="1.0" encoding="UTF-8"?>
<!-- Generated by org.testng.reporters.JUnitReportReporter -->
<testsuite hostname="FluffyEyes.local" name="com.agileapes.couteau.graph.binding.impl.DefaultObjectReaderTest" tests="1" failures="0" timestamp="19 Feb 2015 23:47:11 GMT" time="0.063" errors="0">
  <testcase name="testSimpleBeanReading" time="0.063" classname="com.agileapes.couteau.graph.binding.impl.DefaultObjectReaderTest"/>
</testsuite> <!-- com.agileapes.couteau.graph.binding.impl.DefaultObjectReaderTest -->
