<?xml version="1.0" encoding="UTF-8"?>
<!-- Generated by org.testng.reporters.JUnitReportReporter -->
<testsuite hostname="FluffyEyes.local" name="com.agileapes.couteau.freemarker.template.TemplateTest" tests="1" failures="0" timestamp="19 Feb 2015 23:47:10 GMT" time="0.178" errors="0">
  <testcase name="testSimpleTemplate" time="0.178" classname="com.agileapes.couteau.freemarker.template.TemplateTest"/>
</testsuite> <!-- com.agileapes.couteau.freemarker.template.TemplateTest -->
