<?xml version="1.0" encoding="UTF-8"?>
<!-- Generated by org.testng.reporters.JUnitReportReporter -->
<testsuite hostname="FluffyEyes.local" name="com.agileapes.couteau.reflection.beans.impl.ConstructorBeanInitializerTest" tests="2" failures="0" timestamp="19 Feb 2015 23:47:05 GMT" time="0.009" errors="0">
  <testcase name="testBeanInstantiationWithConstructorArgs" time="0.001" classname="com.agileapes.couteau.reflection.beans.impl.ConstructorBeanInitializerTest"/>
  <testcase name="testBeanInitialization" time="0.008" classname="com.agileapes.couteau.reflection.beans.impl.ConstructorBeanInitializerTest"/>
</testsuite> <!-- com.agileapes.couteau.reflection.beans.impl.ConstructorBeanInitializerTest -->
