<?xml version="1.0" encoding="UTF-8"?>
<!-- Generated by org.testng.reporters.JUnitReportReporter -->
<testsuite hostname="FluffyEyes.local" name="com.agileapes.couteau.reflection.convert.impl.DefaultBeanConverterTest" tests="1" failures="0" timestamp="19 Feb 2015 23:47:05 GMT" time="0.027" errors="0">
  <testcase name="testConversionOfSameType" time="0.027" classname="com.agileapes.couteau.reflection.convert.impl.DefaultBeanConverterTest"/>
</testsuite> <!-- com.agileapes.couteau.reflection.convert.impl.DefaultBeanConverterTest -->
