<?xml version="1.0" encoding="UTF-8"?>
<!-- Generated by org.testng.reporters.JUnitReportReporter -->
<testsuite hostname="FluffyEyes.local" name="com.agileapes.couteau.reflection.beans.impl.MethodInvocationTest" tests="2" failures="0" timestamp="19 Feb 2015 23:47:05 GMT" time="0.003" errors="0">
  <testcase name="testHashCodeEquality" time="0.002" classname="com.agileapes.couteau.reflection.beans.impl.MethodInvocationTest"/>
  <testcase name="testMethodInvocation" time="0.001" classname="com.agileapes.couteau.reflection.beans.impl.MethodInvocationTest"/>
</testsuite> <!-- com.agileapes.couteau.reflection.beans.impl.MethodInvocationTest -->
